生成启动时间为 2017/6/17 15:28:43。
     1>项目“E:\项目\硅片检测\线痕检测\代码\Project1\Project1\Project1.vcxproj”在节点 2 上(Build 个目标)。
     1>ClCompile:
         D:\Program Files (x86)\Microsoft Visual Studio 12.0\VC\bin\CL.exe /c /ZI /nologo /W3 /WX- /sdl /Od /Oy- /D _MBCS /Gm /EHsc /RTC1 /MDd /GS /fp:precise /Zc:wchar_t /Zc:forScope /Fo"Debug\\" /Fd"Debug\vc120.pdb" /Gd /TP /analyze- /errorReport:prompt process.cpp
         process.cpp
     1>e:\项目\硅片检测\线痕检测\代码\project1\project1\process.cpp(42): warning C4244: “参数”: 从“int”转换到“float”，可能丢失数据
     1>e:\项目\硅片检测\线痕检测\代码\project1\project1\process.cpp(47): warning C4244: “参数”: 从“int”转换到“float”，可能丢失数据
     1>e:\项目\硅片检测\线痕检测\代码\project1\project1\process.cpp(64): warning C4244: “参数”: 从“float”转换到“int”，可能丢失数据
     1>e:\项目\硅片检测\线痕检测\代码\project1\project1\process.cpp(65): warning C4244: “参数”: 从“float”转换到“int”，可能丢失数据
     1>e:\项目\硅片检测\线痕检测\代码\project1\project1\process.cpp(73): warning C4244: “参数”: 从“float”转换到“int”，可能丢失数据
     1>e:\项目\硅片检测\线痕检测\代码\project1\project1\process.cpp(74): warning C4244: “参数”: 从“float”转换到“int”，可能丢失数据
     1>e:\项目\硅片检测\线痕检测\代码\project1\project1\process.cpp(91): warning C4018: “<”: 有符号/无符号不匹配
     1>e:\项目\硅片检测\线痕检测\代码\project1\project1\process.cpp(111): warning C4018: “<”: 有符号/无符号不匹配
     1>e:\项目\硅片检测\线痕检测\代码\project1\project1\process.cpp(116): warning C4018: “<”: 有符号/无符号不匹配
     1>e:\项目\硅片检测\线痕检测\代码\project1\project1\process.cpp(131): warning C4018: “<”: 有符号/无符号不匹配
     1>e:\项目\硅片检测\线痕检测\代码\project1\project1\process.cpp(139): warning C4244: “=”: 从“int”转换到“float”，可能丢失数据
       Link:
         D:\Program Files (x86)\Microsoft Visual Studio 12.0\VC\bin\link.exe /ERRORREPORT:PROMPT /OUT:"E:\项目\硅片检测\线痕检测\代码\Project1\Debug\Project1.exe" /INCREMENTAL /NOLOGO opencv_calib3d248d.lib opencv_contrib248d.lib opencv_core248d.lib opencv_features2d248d.lib opencv_flann248d.lib opencv_gpu248d.lib opencv_highgui248d.lib opencv_imgproc248d.lib opencv_legacy248d.lib opencv_objdetect248d.lib opencv_ts248d.lib opencv_video248d.lib opencv_nonfree248d.lib opencv_ocl248d.lib opencv_photo248d.lib opencv_stitching248d.lib opencv_superres248d.lib opencv_videostab248d.lib kernel32.lib user32.lib gdi32.lib winspool.lib comdlg32.lib advapi32.lib shell32.lib ole32.lib oleaut32.lib uuid.lib odbc32.lib odbccp32.lib /MANIFEST /MANIFESTUAC:"level='asInvoker' uiAccess='false'" /manifest:embed /DEBUG /PDB:"E:\项目\硅片检测\线痕检测\代码\Project1\Debug\Project1.pdb" /TLBID:1 /DYNAMICBASE /NXCOMPAT /IMPLIB:"E:\项目\硅片检测\线痕检测\代码\Project1\Debug\Project1.lib" /MACHINE:X86 Debug\enhanceImage.obj
         Debug\filter.obj
         Debug\lightlines.obj
         Debug\process.obj
         Project1.vcxproj -> E:\项目\硅片检测\线痕检测\代码\Project1\Debug\Project1.exe
     1>已完成生成项目“E:\项目\硅片检测\线痕检测\代码\Project1\Project1\Project1.vcxproj”(Build 个目标)的操作。

生成成功。

已用时间 00:00:01.96
